<?xml version="1.0" encoding="UTF-8"?>
<testsuite xmlns:xsi="http://www.w3.org/2001/XMLSchema-instance" xsi:noNamespaceSchemaLocation="https://maven.apache.org/surefire/maven-surefire-plugin/xsd/surefire-test-report.xsd" name="cn.lcdiao.dao.IUserDaoTest" time="3.305" tests="1" errors="0" skipped="0" failures="0">
  <properties>
    <property name="sun.desktop" value="windows"/>
    <property name="awt.toolkit" value="sun.awt.windows.WToolkit"/>
    <property name="file.encoding.pkg" value="sun.io"/>
    <property name="java.specification.version" value="1.8"/>
    <property name="sun.cpu.isalist" value="amd64"/>
    <property name="sun.jnu.encoding" value="GBK"/>
    <property name="java.class.path" value="D:\GitHub\ssm\ssm\target\test-classes;D:\GitHub\ssm\ssm\target\classes;D:\mavenrep\javax\javaee-api\7.0\javaee-api-7.0.jar;D:\mavenrep\com\sun\mail\javax.mail\1.5.0\javax.mail-1.5.0.jar;D:\mavenrep\javax\activation\activation\1.1\activation-1.1.jar;D:\mavenrep\junit\junit\4.12\junit-4.12.jar;D:\mavenrep\org\hamcrest\hamcrest-core\1.3\hamcrest-core-1.3.jar;D:\mavenrep\ch\qos\logback\logback-classic\1.2.2\logback-classic-1.2.2.jar;D:\mavenrep\ch\qos\logback\logback-core\1.2.2\logback-core-1.2.2.jar;D:\mavenrep\org\slf4j\slf4j-api\1.7.25\slf4j-api-1.7.25.jar;D:\mavenrep\com\fasterxml\jackson\core\jackson-databind\2.8.7\jackson-databind-2.8.7.jar;D:\mavenrep\com\fasterxml\jackson\core\jackson-annotations\2.8.0\jackson-annotations-2.8.0.jar;D:\mavenrep\com\fasterxml\jackson\core\jackson-core\2.8.7\jackson-core-2.8.7.jar;D:\mavenrep\mysql\mysql-connector-java\5.1.41\mysql-connector-java-5.1.41.jar;D:\mavenrep\com\mchange\c3p0\0.9.5.2\c3p0-0.9.5.2.jar;D:\mavenrep\com\mchange\mchange-commons-java\0.2.11\mchange-commons-java-0.2.11.jar;D:\mavenrep\org\mybatis\mybatis\3.4.1\mybatis-3.4.1.jar;D:\mavenrep\org\mybatis\mybatis-spring\1.3.1\mybatis-spring-1.3.1.jar;D:\mavenrep\org\springframework\spring-core\4.3.21.RELEASE\spring-core-4.3.21.RELEASE.jar;D:\mavenrep\commons-logging\commons-logging\1.2\commons-logging-1.2.jar;D:\mavenrep\org\springframework\spring-beans\4.3.21.RELEASE\spring-beans-4.3.21.RELEASE.jar;D:\mavenrep\org\springframework\spring-context\4.3.21.RELEASE\spring-context-4.3.21.RELEASE.jar;D:\mavenrep\org\springframework\spring-aop\4.3.21.RELEASE\spring-aop-4.3.21.RELEASE.jar;D:\mavenrep\org\springframework\spring-expression\4.3.21.RELEASE\spring-expression-4.3.21.RELEASE.jar;D:\mavenrep\org\springframework\spring-jdbc\4.3.21.RELEASE\spring-jdbc-4.3.21.RELEASE.jar;D:\mavenrep\org\springframework\spring-tx\4.3.21.RELEASE\spring-tx-4.3.21.RELEASE.jar;D:\mavenrep\org\springframework\spring-web\4.3.21.RELEASE\spring-web-4.3.21.RELEASE.jar;D:\mavenrep\org\springframework\spring-webmvc\4.3.21.RELEASE\spring-webmvc-4.3.21.RELEASE.jar;D:\mavenrep\org\springframework\spring-test\4.3.21.RELEASE\spring-test-4.3.21.RELEASE.jar;"/>
    <property name="java.vm.vendor" value="Oracle Corporation"/>
    <property name="sun.arch.data.model" value="64"/>
    <property name="user.variant" value=""/>
    <property name="java.vendor.url" value="http://java.oracle.com/"/>
    <property name="user.timezone" value="Asia/Shanghai"/>
    <property name="java.vm.specification.version" value="1.8"/>
    <property name="os.name" value="Windows 10"/>
    <property name="user.country" value="CN"/>
    <property name="sun.java.launcher" value="SUN_STANDARD"/>
    <property name="sun.boot.library.path" value="C:\Program Files\Java\jdk1.8.0_121\jre\bin"/>
    <property name="sun.java.command" value="C:\Users\YY\AppData\Local\Temp\surefire8892207720087785484\surefirebooter3855586877811196747.jar C:\Users\YY\AppData\Local\Temp\surefire8892207720087785484 2018-12-25T20-39-20_141-jvmRun1 surefire5479857237702008340tmp surefire_07372797169142489630tmp"/>
    <property name="surefire.test.class.path" value="D:\GitHub\ssm\ssm\target\test-classes;D:\GitHub\ssm\ssm\target\classes;D:\mavenrep\javax\javaee-api\7.0\javaee-api-7.0.jar;D:\mavenrep\com\sun\mail\javax.mail\1.5.0\javax.mail-1.5.0.jar;D:\mavenrep\javax\activation\activation\1.1\activation-1.1.jar;D:\mavenrep\junit\junit\4.12\junit-4.12.jar;D:\mavenrep\org\hamcrest\hamcrest-core\1.3\hamcrest-core-1.3.jar;D:\mavenrep\ch\qos\logback\logback-classic\1.2.2\logback-classic-1.2.2.jar;D:\mavenrep\ch\qos\logback\logback-core\1.2.2\logback-core-1.2.2.jar;D:\mavenrep\org\slf4j\slf4j-api\1.7.25\slf4j-api-1.7.25.jar;D:\mavenrep\com\fasterxml\jackson\core\jackson-databind\2.8.7\jackson-databind-2.8.7.jar;D:\mavenrep\com\fasterxml\jackson\core\jackson-annotations\2.8.0\jackson-annotations-2.8.0.jar;D:\mavenrep\com\fasterxml\jackson\core\jackson-core\2.8.7\jackson-core-2.8.7.jar;D:\mavenrep\mysql\mysql-connector-java\5.1.41\mysql-connector-java-5.1.41.jar;D:\mavenrep\com\mchange\c3p0\0.9.5.2\c3p0-0.9.5.2.jar;D:\mavenrep\com\mchange\mchange-commons-java\0.2.11\mchange-commons-java-0.2.11.jar;D:\mavenrep\org\mybatis\mybatis\3.4.1\mybatis-3.4.1.jar;D:\mavenrep\org\mybatis\mybatis-spring\1.3.1\mybatis-spring-1.3.1.jar;D:\mavenrep\org\springframework\spring-core\4.3.21.RELEASE\spring-core-4.3.21.RELEASE.jar;D:\mavenrep\commons-logging\commons-logging\1.2\commons-logging-1.2.jar;D:\mavenrep\org\springframework\spring-beans\4.3.21.RELEASE\spring-beans-4.3.21.RELEASE.jar;D:\mavenrep\org\springframework\spring-context\4.3.21.RELEASE\spring-context-4.3.21.RELEASE.jar;D:\mavenrep\org\springframework\spring-aop\4.3.21.RELEASE\spring-aop-4.3.21.RELEASE.jar;D:\mavenrep\org\springframework\spring-expression\4.3.21.RELEASE\spring-expression-4.3.21.RELEASE.jar;D:\mavenrep\org\springframework\spring-jdbc\4.3.21.RELEASE\spring-jdbc-4.3.21.RELEASE.jar;D:\mavenrep\org\springframework\spring-tx\4.3.21.RELEASE\spring-tx-4.3.21.RELEASE.jar;D:\mavenrep\org\springframework\spring-web\4.3.21.RELEASE\spring-web-4.3.21.RELEASE.jar;D:\mavenrep\org\springframework\spring-webmvc\4.3.21.RELEASE\spring-webmvc-4.3.21.RELEASE.jar;D:\mavenrep\org\springframework\spring-test\4.3.21.RELEASE\spring-test-4.3.21.RELEASE.jar;"/>
    <property name="sun.cpu.endian" value="little"/>
    <property name="user.home" value="C:\Users\YY"/>
    <property name="user.language" value="zh"/>
    <property name="java.specification.vendor" value="Oracle Corporation"/>
    <property name="java.home" value="C:\Program Files\Java\jdk1.8.0_121\jre"/>
    <property name="basedir" value="D:\GitHub\ssm\ssm"/>
    <property name="file.separator" value="\"/>
    <property name="line.separator" value="&#10;"/>
    <property name="java.vm.specification.vendor" value="Oracle Corporation"/>
    <property name="java.specification.name" value="Java Platform API Specification"/>
    <property name="java.awt.graphicsenv" value="sun.awt.Win32GraphicsEnvironment"/>
    <property name="surefire.real.class.path" value="C:\Users\YY\AppData\Local\Temp\surefire8892207720087785484\surefirebooter3855586877811196747.jar"/>
    <property name="sun.boot.class.path" value="C:\Program Files\Java\jdk1.8.0_121\jre\lib\resources.jar;C:\Program Files\Java\jdk1.8.0_121\jre\lib\rt.jar;C:\Program Files\Java\jdk1.8.0_121\jre\lib\sunrsasign.jar;C:\Program Files\Java\jdk1.8.0_121\jre\lib\jsse.jar;C:\Program Files\Java\jdk1.8.0_121\jre\lib\jce.jar;C:\Program Files\Java\jdk1.8.0_121\jre\lib\charsets.jar;C:\Program Files\Java\jdk1.8.0_121\jre\lib\jfr.jar;C:\Program Files\Java\jdk1.8.0_121\jre\classes"/>
    <property name="user.script" value=""/>
    <property name="sun.management.compiler" value="HotSpot 64-Bit Tiered Compilers"/>
    <property name="java.runtime.version" value="1.8.0_121-b13"/>
    <property name="user.name" value="YY"/>
    <property name="path.separator" value=";"/>
    <property name="os.version" value="10.0"/>
    <property name="java.endorsed.dirs" value="C:\Program Files\Java\jdk1.8.0_121\jre\lib\endorsed"/>
    <property name="java.runtime.name" value="Java(TM) SE Runtime Environment"/>
    <property name="file.encoding" value="GBK"/>
    <property name="java.vm.name" value="Java HotSpot(TM) 64-Bit Server VM"/>
    <property name="localRepository" value="D:\mavenrep"/>
    <property name="java.vendor.url.bug" value="http://bugreport.sun.com/bugreport/"/>
    <property name="java.io.tmpdir" value="C:\Users\YY\AppData\Local\Temp\"/>
    <property name="idea.version" value="2018.2.5"/>
    <property name="java.version" value="1.8.0_121"/>
    <property name="user.dir" value="D:\GitHub\ssm\ssm"/>
    <property name="os.arch" value="amd64"/>
    <property name="java.vm.specification.name" value="Java Virtual Machine Specification"/>
    <property name="java.awt.printerjob" value="sun.awt.windows.WPrinterJob"/>
    <property name="sun.os.patch.level" value=""/>
    <property name="java.library.path" value="C:\Program Files\Java\jdk1.8.0_121\jre\bin;C:\WINDOWS\Sun\Java\bin;C:\WINDOWS\system32;C:\WINDOWS;C:\Program Files (x86)\Intel\iCLS Client\;C:\Program Files\Intel\iCLS Client\;C:\Windows\system32;C:\Windows;C:\Windows\System32\Wbem;C:\Windows\System32\WindowsPowerShell\v1.0\;C:\Program Files (x86)\Intel\Intel(R) Management Engine Components\DAL;C:\Program Files\Intel\Intel(R) Management Engine Components\DAL;C:\Program Files (x86)\Intel\Intel(R) Management Engine Components\IPT;C:\Program Files\Intel\Intel(R) Management Engine Components\IPT;C:\Program Files (x86)\NVIDIA Corporation\PhysX\Common;C:\WINDOWS\system32;C:\WINDOWS;C:\WINDOWS\System32\Wbem;C:\WINDOWS\System32\WindowsPowerShell\v1.0\;C:\Program Files (x86)\Windows Kits\8.1\Windows Performance Toolkit\;C:\Program Files (x86)\Microsoft SDKs\TypeScript\1.0\;C:\Program Files\Java\jdk1.8.0_121\bin;C:\Program Files (x86)\Microsoft SQL Server\100\Tools\Binn\;C:\Program Files\Microsoft SQL Server\100\Tools\Binn\;C:\Program Files\Microsoft SQL Server\100\DTS\Binn\;C:\Program Files (x86)\Microsoft SQL Server\100\Tools\Binn\VSShell\Common7\IDE\;C:\Program Files (x86)\Microsoft SQL Server\100\DTS\Binn\;C:\Program Files (x86)\Microsoft Visual Studio 9.0\Common7\IDE\PrivateAssemblies\;C:\windows\system32;C:\windows;C:\windows\System32\Wbem;D:\bin;C:\WINDOWS\System32\OpenSSH\;D:\apache-maven-3.5.4\bin;D:\Git\cmd;D:\Tools\WinNT;D:\MSDev98\Bin;D:\Tools;D:\Microsoft Visual Studio\VC98\bin;C:\Users\YY\AppData\Local\Microsoft\WindowsApps;D:\AppServ\Apache2.2\bin;D:\AppServ\php5;D:\AppServ\MySQL\bin;C:\Users\YY\AppData\Local\GitHubDesktop\bin;%USERPROFILE%\AppData\Local\Microsoft\WindowsApps;;."/>
    <property name="java.vm.info" value="mixed mode"/>
    <property name="java.vendor" value="Oracle Corporation"/>
    <property name="java.vm.version" value="25.121-b13"/>
    <property name="java.ext.dirs" value="C:\Program Files\Java\jdk1.8.0_121\jre\lib\ext;C:\WINDOWS\Sun\Java\lib\ext"/>
    <property name="sun.io.unicode.encoding" value="UnicodeLittle"/>
    <property name="maven.repo.local" value="D:\mavenrep"/>
    <property name="java.class.version" value="52.0"/>
  </properties>
  <testcase name="testSelectUser" classname="cn.lcdiao.dao.IUserDaoTest" time="0.591"/>
</testsuite>